<?xml version="1.0" encoding="UTF-8" ?>
<testsuite errors="1" failures="0" hostname="DESKTOP-5JLHO2Q" name="UnitTests.ModelTests.HorizontalStreakTests.HorizontalStreakTest" skipped="0" tests="1" time="0.0" timestamp="2024-07-17T14:29:36">
  <properties>
[...]
</properties>
  <error message="UnitTests.ModelTests.HorizontalStreakTests.HorizontalStreakTest" type="java.lang.ClassNotFoundException">java.lang.ClassNotFoundException: UnitTests.ModelTests.HorizontalStreakTests.HorizontalStreakTest
	at java.base/java.lang.ClassLoader.loadClass(ClassLoader.java:520)
	at java.base/java.lang.Class.forName0(Native Method)
	at java.base/java.lang.Class.forName(Class.java:467)
	at java.base/jdk.internal.reflect.NativeMethodAccessorImpl.invoke0(Native Method)
	at java.base/jdk.internal.reflect.NativeMethodAccessorImpl.invoke(NativeMethodAccessorImpl.java:77)
	at java.base/jdk.internal.reflect.DelegatingMethodAccessorImpl.invoke(DelegatingMethodAccessorImpl.java:43)
</error>
  <system-out><![CDATA[]]></system-out>
  <system-err><![CDATA[]]></system-err>
</testsuite>
